[15-Apr-2025 00:42:23 UTC] PHP Warning:  Undefined array key "host" in /workspaces/UX308Lab6/.wordpress/wp-includes/pluggable.php on line 1625
[16-Apr-2025 05:54:05 UTC] PHP Warning:  Undefined variable $parent_theme_name in /workspaces/UX308Lab6/.wordpress/wp-content/mu-plugins/one-click-child-theme/templates/create_child_form.php on line 18
[16-Apr-2025 06:10:33 UTC] PHP Fatal error:  Out of memory (allocated 121634816) (tried to allocate 27433728 bytes) in /workspaces/UX308Lab6/.wordpress/wp-includes/class-wp-image-editor-gd.php on line 116
[16-Apr-2025 06:10:34 UTC] PHP Fatal error:  Out of memory (allocated 56623104) (tried to allocate 14676216 bytes) in /workspaces/UX308Lab6/.wordpress/wp-includes/class-wp-image-editor-gd.php on line 100
[16-Apr-2025 06:10:35 UTC] PHP Fatal error:  Out of memory (allocated 48234496) (tried to allocate 14676216 bytes) in /workspaces/UX308Lab6/.wordpress/wp-includes/class-wp-image-editor-gd.php on line 100
[16-Apr-2025 06:10:35 UTC] PHP Fatal error:  Out of memory (allocated 44040192) (tried to allocate 14676216 bytes) in /workspaces/UX308Lab6/.wordpress/wp-includes/class-wp-image-editor-gd.php on line 100
[16-Apr-2025 06:10:36 UTC] PHP Fatal error:  Out of memory (allocated 41943040) (tried to allocate 14676216 bytes) in /workspaces/UX308Lab6/.wordpress/wp-includes/class-wp-image-editor-gd.php on line 100
[16-Apr-2025 06:10:36 UTC] PHP Fatal error:  Out of memory (allocated 37748736) (tried to allocate 2097152 bytes) in /workspaces/UX308Lab6/.wordpress/wp-content/plugins/ecommerce-product-catalog/templates/themes/theme-classic-list.php on line 92
[16-Apr-2025 06:10:36 UTC] PHP Fatal error:  Uncaught Error: Call to undefined function ic_products_count() in /workspaces/UX308Lab6/.wordpress/wp-content/plugins/ecommerce-product-catalog/includes/tracking.php:117
Stack trace:
#0 /workspaces/UX308Lab6/.wordpress/wp-content/plugins/ecommerce-product-catalog/includes/tracking.php(551): IC_EPC_Tracking->setup_data()
#1 /workspaces/UX308Lab6/.wordpress/wp-content/plugins/ecommerce-product-catalog/includes/tracking.php(481): IC_EPC_Tracking->send_paused_checkin(Array, true)
#2 [internal function]: IC_EPC_Tracking->fatal()
#3 {main}
  thrown in /workspaces/UX308Lab6/.wordpress/wp-content/plugins/ecommerce-product-catalog/includes/tracking.php on line 117
[16-Apr-2025 06:10:36 UTC] PHP Fatal error:  Out of memory (allocated 33554432) (tried to allocate 2097152 bytes) in /workspaces/UX308Lab6/.wordpress/wp-content/plugins/ecommerce-product-catalog/templates/themes/theme-classic-list.php on line 88
[16-Apr-2025 06:10:36 UTC] PHP Fatal error:  Uncaught Error: Call to undefined function ic_products_count() in /workspaces/UX308Lab6/.wordpress/wp-content/plugins/ecommerce-product-catalog/includes/tracking.php:117
Stack trace:
#0 /workspaces/UX308Lab6/.wordpress/wp-content/plugins/ecommerce-product-catalog/includes/tracking.php(551): IC_EPC_Tracking->setup_data()
#1 /workspaces/UX308Lab6/.wordpress/wp-content/plugins/ecommerce-product-catalog/includes/tracking.php(481): IC_EPC_Tracking->send_paused_checkin(Array, true)
#2 [internal function]: IC_EPC_Tracking->fatal()
#3 {main}
  thrown in /workspaces/UX308Lab6/.wordpress/wp-content/plugins/ecommerce-product-catalog/includes/tracking.php on line 117
[16-Apr-2025 06:10:40 UTC] PHP Fatal error:  Out of memory (allocated 31457280) (tried to allocate 2097152 bytes) in /workspaces/UX308Lab6/.wordpress/wp-content/plugins/ecommerce-product-catalog/templates/themes/theme-classic-list.php on line 72
[16-Apr-2025 06:10:40 UTC] PHP Fatal error:  Out of memory (allocated 31457280) (tried to allocate 131072 bytes) in /workspaces/UX308Lab6/.wordpress/wp-content/languages/admin-en_CA.l10n.php on line 2
[16-Apr-2025 06:10:50 UTC] PHP Fatal error:  Out of memory (allocated 31457280) (tried to allocate 2097152 bytes) in /workspaces/UX308Lab6/.wordpress/wp-content/plugins/ecommerce-product-catalog/templates/themes/theme-classic-list.php on line 72
[16-Apr-2025 06:10:50 UTC] PHP Fatal error:  Uncaught Error: Call to undefined function ic_products_count() in /workspaces/UX308Lab6/.wordpress/wp-content/plugins/ecommerce-product-catalog/includes/tracking.php:117
Stack trace:
#0 /workspaces/UX308Lab6/.wordpress/wp-content/plugins/ecommerce-product-catalog/includes/tracking.php(551): IC_EPC_Tracking->setup_data()
#1 /workspaces/UX308Lab6/.wordpress/wp-content/plugins/ecommerce-product-catalog/includes/tracking.php(481): IC_EPC_Tracking->send_paused_checkin(Array, true)
#2 [internal function]: IC_EPC_Tracking->fatal()
#3 {main}
  thrown in /workspaces/UX308Lab6/.wordpress/wp-content/plugins/ecommerce-product-catalog/includes/tracking.php on line 117
[16-Apr-2025 06:10:50 UTC] PHP Fatal error:  Out of memory (allocated 31457280) (tried to allocate 2097152 bytes) in /workspaces/UX308Lab6/.wordpress/wp-content/plugins/ecommerce-product-catalog/templates/themes/theme-classic-grid.php on line 139
[16-Apr-2025 06:10:50 UTC] PHP Fatal error:  Uncaught Error: Call to undefined function ic_products_count() in /workspaces/UX308Lab6/.wordpress/wp-content/plugins/ecommerce-product-catalog/includes/tracking.php:117
Stack trace:
#0 /workspaces/UX308Lab6/.wordpress/wp-content/plugins/ecommerce-product-catalog/includes/tracking.php(551): IC_EPC_Tracking->setup_data()
#1 /workspaces/UX308Lab6/.wordpress/wp-content/plugins/ecommerce-product-catalog/includes/tracking.php(481): IC_EPC_Tracking->send_paused_checkin(Array, true)
#2 [internal function]: IC_EPC_Tracking->fatal()
#3 {main}
  thrown in /workspaces/UX308Lab6/.wordpress/wp-content/plugins/ecommerce-product-catalog/includes/tracking.php on line 117
[16-Apr-2025 06:11:00 UTC] PHP Fatal error:  Out of memory (allocated 31457280) (tried to allocate 2097152 bytes) in /workspaces/UX308Lab6/.wordpress/wp-content/plugins/ecommerce-product-catalog/templates/themes/theme-classic-list.php on line 72
[16-Apr-2025 06:11:00 UTC] PHP Fatal error:  Uncaught Error: Call to undefined function ic_products_count() in /workspaces/UX308Lab6/.wordpress/wp-content/plugins/ecommerce-product-catalog/includes/tracking.php:117
Stack trace:
#0 /workspaces/UX308Lab6/.wordpress/wp-content/plugins/ecommerce-product-catalog/includes/tracking.php(551): IC_EPC_Tracking->setup_data()
#1 /workspaces/UX308Lab6/.wordpress/wp-content/plugins/ecommerce-product-catalog/includes/tracking.php(481): IC_EPC_Tracking->send_paused_checkin(Array, true)
#2 [internal function]: IC_EPC_Tracking->fatal()
#3 {main}
  thrown in /workspaces/UX308Lab6/.wordpress/wp-content/plugins/ecommerce-product-catalog/includes/tracking.php on line 117
[16-Apr-2025 06:11:02 UTC] PHP Fatal error:  Out of memory (allocated 31457280) (tried to allocate 2097152 bytes) in /workspaces/UX308Lab6/.wordpress/wp-content/plugins/ecommerce-product-catalog/templates/themes/theme-classic-grid.php on line 154
[16-Apr-2025 06:11:02 UTC] PHP Fatal error:  Uncaught Error: Call to undefined function ic_products_count() in /workspaces/UX308Lab6/.wordpress/wp-content/plugins/ecommerce-product-catalog/includes/tracking.php:117
Stack trace:
#0 /workspaces/UX308Lab6/.wordpress/wp-content/plugins/ecommerce-product-catalog/includes/tracking.php(551): IC_EPC_Tracking->setup_data()
#1 /workspaces/UX308Lab6/.wordpress/wp-content/plugins/ecommerce-product-catalog/includes/tracking.php(481): IC_EPC_Tracking->send_paused_checkin(Array, true)
#2 [internal function]: IC_EPC_Tracking->fatal()
#3 {main}
  thrown in /workspaces/UX308Lab6/.wordpress/wp-content/plugins/ecommerce-product-catalog/includes/tracking.php on line 117
[16-Apr-2025 06:11:02 UTC] PHP Fatal error:  Out of memory (allocated 31457280) (tried to allocate 2097152 bytes) in /workspaces/UX308Lab6/.wordpress/wp-content/plugins/ecommerce-product-catalog/templates/themes/theme-classic-grid.php on line 139
[16-Apr-2025 06:11:02 UTC] PHP Fatal error:  Uncaught Error: Call to undefined function ic_products_count() in /workspaces/UX308Lab6/.wordpress/wp-content/plugins/ecommerce-product-catalog/includes/tracking.php:117
Stack trace:
#0 /workspaces/UX308Lab6/.wordpress/wp-content/plugins/ecommerce-product-catalog/includes/tracking.php(551): IC_EPC_Tracking->setup_data()
#1 /workspaces/UX308Lab6/.wordpress/wp-content/plugins/ecommerce-product-catalog/includes/tracking.php(481): IC_EPC_Tracking->send_paused_checkin(Array, true)
#2 [internal function]: IC_EPC_Tracking->fatal()
#3 {main}
  thrown in /workspaces/UX308Lab6/.wordpress/wp-content/plugins/ecommerce-product-catalog/includes/tracking.php on line 117
[16-Apr-2025 06:11:04 UTC] PHP Fatal error:  Out of memory (allocated 31457280) (tried to allocate 2097152 bytes) in /workspaces/UX308Lab6/.wordpress/wp-content/plugins/ecommerce-product-catalog/templates/themes/theme-classic-grid.php on line 139
[16-Apr-2025 06:11:04 UTC] PHP Fatal error:  Uncaught Error: Call to undefined function ic_products_count() in /workspaces/UX308Lab6/.wordpress/wp-content/plugins/ecommerce-product-catalog/includes/tracking.php:117
Stack trace:
#0 /workspaces/UX308Lab6/.wordpress/wp-content/plugins/ecommerce-product-catalog/includes/tracking.php(551): IC_EPC_Tracking->setup_data()
#1 /workspaces/UX308Lab6/.wordpress/wp-content/plugins/ecommerce-product-catalog/includes/tracking.php(481): IC_EPC_Tracking->send_paused_checkin(Array, true)
#2 [internal function]: IC_EPC_Tracking->fatal()
#3 {main}
  thrown in /workspaces/UX308Lab6/.wordpress/wp-content/plugins/ecommerce-product-catalog/includes/tracking.php on line 117
[16-Apr-2025 06:11:06 UTC] PHP Fatal error:  Out of memory (allocated 31457280) (tried to allocate 2097152 bytes) in /workspaces/UX308Lab6/.wordpress/wp-content/plugins/ecommerce-product-catalog/templates/themes/theme-classic-grid.php on line 139
[16-Apr-2025 06:11:06 UTC] PHP Fatal error:  Uncaught Error: Call to undefined function ic_products_count() in /workspaces/UX308Lab6/.wordpress/wp-content/plugins/ecommerce-product-catalog/includes/tracking.php:117
Stack trace:
#0 /workspaces/UX308Lab6/.wordpress/wp-content/plugins/ecommerce-product-catalog/includes/tracking.php(551): IC_EPC_Tracking->setup_data()
#1 /workspaces/UX308Lab6/.wordpress/wp-content/plugins/ecommerce-product-catalog/includes/tracking.php(481): IC_EPC_Tracking->send_paused_checkin(Array, true)
#2 [internal function]: IC_EPC_Tracking->fatal()
#3 {main}
  thrown in /workspaces/UX308Lab6/.wordpress/wp-content/plugins/ecommerce-product-catalog/includes/tracking.php on line 117
[16-Apr-2025 06:11:10 UTC] PHP Fatal error:  Out of memory (allocated 31457280) (tried to allocate 2097152 bytes) in /workspaces/UX308Lab6/.wordpress/wp-content/plugins/ecommerce-product-catalog/templates/themes/theme-classic-list.php on line 72
[16-Apr-2025 06:11:10 UTC] PHP Fatal error:  Uncaught Error: Call to undefined function ic_products_count() in /workspaces/UX308Lab6/.wordpress/wp-content/plugins/ecommerce-product-catalog/includes/tracking.php:117
Stack trace:
#0 /workspaces/UX308Lab6/.wordpress/wp-content/plugins/ecommerce-product-catalog/includes/tracking.php(551): IC_EPC_Tracking->setup_data()
#1 /workspaces/UX308Lab6/.wordpress/wp-content/plugins/ecommerce-product-catalog/includes/tracking.php(481): IC_EPC_Tracking->send_paused_checkin(Array, true)
#2 [internal function]: IC_EPC_Tracking->fatal()
#3 {main}
  thrown in /workspaces/UX308Lab6/.wordpress/wp-content/plugins/ecommerce-product-catalog/includes/tracking.php on line 117
[16-Apr-2025 06:11:11 UTC] PHP Fatal error:  Out of memory (allocated 31457280) (tried to allocate 2097152 bytes) in /workspaces/UX308Lab6/.wordpress/wp-content/plugins/ecommerce-product-catalog/templates/themes/theme-classic-list.php on line 92
[16-Apr-2025 06:11:11 UTC] PHP Fatal error:  Uncaught Error: Call to undefined function ic_products_count() in /workspaces/UX308Lab6/.wordpress/wp-content/plugins/ecommerce-product-catalog/includes/tracking.php:117
Stack trace:
#0 /workspaces/UX308Lab6/.wordpress/wp-content/plugins/ecommerce-product-catalog/includes/tracking.php(551): IC_EPC_Tracking->setup_data()
#1 /workspaces/UX308Lab6/.wordpress/wp-content/plugins/ecommerce-product-catalog/includes/tracking.php(481): IC_EPC_Tracking->send_paused_checkin(Array, true)
#2 [internal function]: IC_EPC_Tracking->fatal()
#3 {main}
  thrown in /workspaces/UX308Lab6/.wordpress/wp-content/plugins/ecommerce-product-catalog/includes/tracking.php on line 117
[16-Apr-2025 06:11:12 UTC] PHP Fatal error:  Out of memory (allocated 31457280) (tried to allocate 2097152 bytes) in /workspaces/UX308Lab6/.wordpress/wp-content/plugins/ecommerce-product-catalog/theme-product_adder_support.php on line 283
[16-Apr-2025 06:11:12 UTC] PHP Fatal error:  Uncaught Error: Call to undefined function ic_products_count() in /workspaces/UX308Lab6/.wordpress/wp-content/plugins/ecommerce-product-catalog/includes/tracking.php:117
Stack trace:
#0 /workspaces/UX308Lab6/.wordpress/wp-content/plugins/ecommerce-product-catalog/includes/tracking.php(551): IC_EPC_Tracking->setup_data()
#1 /workspaces/UX308Lab6/.wordpress/wp-content/plugins/ecommerce-product-catalog/includes/tracking.php(481): IC_EPC_Tracking->send_paused_checkin(Array, true)
#2 [internal function]: IC_EPC_Tracking->fatal()
#3 {main}
  thrown in /workspaces/UX308Lab6/.wordpress/wp-content/plugins/ecommerce-product-catalog/includes/tracking.php on line 117
[16-Apr-2025 06:11:21 UTC] PHP Fatal error:  Out of memory (allocated 31457280) (tried to allocate 2097152 bytes) in /workspaces/UX308Lab6/.wordpress/wp-content/plugins/ecommerce-product-catalog/templates/themes/theme-default.php on line 62
[16-Apr-2025 06:11:21 UTC] PHP Fatal error:  Uncaught Error: Call to undefined function ic_products_count() in /workspaces/UX308Lab6/.wordpress/wp-content/plugins/ecommerce-product-catalog/includes/tracking.php:117
Stack trace:
#0 /workspaces/UX308Lab6/.wordpress/wp-content/plugins/ecommerce-product-catalog/includes/tracking.php(551): IC_EPC_Tracking->setup_data()
#1 /workspaces/UX308Lab6/.wordpress/wp-content/plugins/ecommerce-product-catalog/includes/tracking.php(481): IC_EPC_Tracking->send_paused_checkin(Array, true)
#2 [internal function]: IC_EPC_Tracking->fatal()
#3 {main}
  thrown in /workspaces/UX308Lab6/.wordpress/wp-content/plugins/ecommerce-product-catalog/includes/tracking.php on line 117
